<?xml version="1.0" encoding="UTF-8"?>
<coverage generated="1554195315134" clover="3.2.0">
  <project timestamp="1554195315134" name="All files">
    <metrics statements="90" coveredstatements="71" conditionals="32" coveredconditionals="14" methods="33" coveredmethods="16" elements="155" coveredelements="101" complexity="0" loc="90" ncloc="90" packages="15" files="15" classes="15"/>
    <package name="client">
      <metrics statements="3" coveredstatements="2" conditionals="0" coveredconditionals="0" methods="1" coveredmethods="0"/>
      <file name="assetsTransformer.js" path="D:\react-mentoring\Task2-Webpack-\client\assetsTransformer.js">
        <metrics statements="3" coveredstatements="2" conditionals="0" coveredconditionals="0" methods="1" coveredmethods="0"/>
        <line num="1" count="4" type="stmt"/>
        <line num="3" count="4" type="stmt"/>
        <line num="5" count="0" type="stmt"/>
      </file>
    </package>
    <package name="client.src.common.Components.Button">
      <metrics statements="3" coveredstatements="1" conditionals="4" coveredconditionals="0" methods="2" coveredmethods="0"/>
      <file name="Button.js" path="D:\react-mentoring\Task2-Webpack-\client\src\common\Components\Button\Button.js">
        <metrics statements="3" coveredstatements="1" conditionals="4" coveredconditionals="0" methods="2" coveredmethods="0"/>
        <line num="4" count="5" type="stmt"/>
        <line num="14" count="0" type="cond" truecount="0" falsecount="2"/>
        <line num="19" count="0" type="cond" truecount="0" falsecount="2"/>
      </file>
    </package>
    <package name="client.src.common.Components.HeaderBackground">
      <metrics statements="1" coveredstatements="1" conditionals="0" coveredconditionals="0" methods="0" coveredmethods="0"/>
      <file name="HeaderBackground.js" path="D:\react-mentoring\Task2-Webpack-\client\src\common\Components\HeaderBackground\HeaderBackground.js">
        <metrics statements="1" coveredstatements="1" conditionals="0" coveredconditionals="0" methods="0" coveredmethods="0"/>
        <line num="6" count="4" type="stmt"/>
      </file>
    </package>
    <package name="client.src.common.Components.HeaderWrapper">
      <metrics statements="1" coveredstatements="1" conditionals="0" coveredconditionals="0" methods="0" coveredmethods="0"/>
      <file name="HeaderWrapper.js" path="D:\react-mentoring\Task2-Webpack-\client\src\common\Components\HeaderWrapper\HeaderWrapper.js">
        <metrics statements="1" coveredstatements="1" conditionals="0" coveredconditionals="0" methods="0" coveredmethods="0"/>
        <line num="3" count="5" type="stmt"/>
      </file>
    </package>
    <package name="client.src.common.Components.Logo">
      <metrics statements="2" coveredstatements="2" conditionals="0" coveredconditionals="0" methods="1" coveredmethods="1"/>
      <file name="Logo.js" path="D:\react-mentoring\Task2-Webpack-\client\src\common\Components\Logo\Logo.js">
        <metrics statements="2" coveredstatements="2" conditionals="0" coveredconditionals="0" methods="1" coveredmethods="1"/>
        <line num="5" count="5" type="stmt"/>
        <line num="9" count="5" type="stmt"/>
      </file>
    </package>
    <package name="client.src.common.Components.RadioButton">
      <metrics statements="9" coveredstatements="8" conditionals="10" coveredconditionals="7" methods="6" coveredmethods="5"/>
      <file name="RadioButton.js" path="D:\react-mentoring\Task2-Webpack-\client\src\common\Components\RadioButton\RadioButton.js">
        <metrics statements="9" coveredstatements="8" conditionals="10" coveredconditionals="7" methods="6" coveredmethods="5"/>
        <line num="5" count="7" type="stmt"/>
        <line num="12" count="4" type="stmt"/>
        <line num="18" count="0" type="stmt"/>
        <line num="30" count="7" type="stmt"/>
        <line num="34" count="7" type="stmt"/>
        <line num="40" count="2" type="cond" truecount="1" falsecount="1"/>
        <line num="47" count="2" type="cond" truecount="1" falsecount="2"/>
        <line num="51" count="2" type="cond" truecount="2" falsecount="0"/>
        <line num="55" count="2" type="cond" truecount="3" falsecount="0"/>
      </file>
    </package>
    <package name="client.src.common.Theme">
      <metrics statements="1" coveredstatements="1" conditionals="0" coveredconditionals="0" methods="0" coveredmethods="0"/>
      <file name="Theme.js" path="D:\react-mentoring\Task2-Webpack-\client\src\common\Theme\Theme.js">
        <metrics statements="1" coveredstatements="1" conditionals="0" coveredconditionals="0" methods="0" coveredmethods="0"/>
        <line num="1" count="12" type="stmt"/>
      </file>
    </package>
    <package name="client.src.components.Cockpit">
      <metrics statements="5" coveredstatements="5" conditionals="0" coveredconditionals="0" methods="1" coveredmethods="1"/>
      <file name="Cockpit.js" path="D:\react-mentoring\Task2-Webpack-\client\src\components\Cockpit\Cockpit.js">
        <metrics statements="5" coveredstatements="5" conditionals="0" coveredconditionals="0" methods="1" coveredmethods="1"/>
        <line num="7" count="3" type="stmt"/>
        <line num="8" count="3" type="stmt"/>
        <line num="39" count="3" type="stmt"/>
        <line num="45" count="3" type="stmt"/>
        <line num="50" count="3" type="stmt"/>
      </file>
    </package>
    <package name="client.src.components.Detail">
      <metrics statements="12" coveredstatements="9" conditionals="4" coveredconditionals="0" methods="4" coveredmethods="1"/>
      <file name="Detail.js" path="D:\react-mentoring\Task2-Webpack-\client\src\components\Detail\Detail.js">
        <metrics statements="12" coveredstatements="9" conditionals="4" coveredconditionals="0" methods="4" coveredmethods="1"/>
        <line num="10" count="3" type="stmt"/>
        <line num="11" count="1" type="stmt"/>
        <line num="16" count="0" type="stmt"/>
        <line num="48" count="3" type="stmt"/>
        <line num="53" count="3" type="stmt"/>
        <line num="57" count="0" type="cond" truecount="0" falsecount="2"/>
        <line num="62" count="3" type="stmt"/>
        <line num="69" count="3" type="stmt"/>
        <line num="76" count="3" type="stmt"/>
        <line num="84" count="3" type="stmt"/>
        <line num="90" count="3" type="stmt"/>
        <line num="95" count="0" type="cond" truecount="0" falsecount="2"/>
      </file>
    </package>
    <package name="client.src.components.EmptyResults">
      <metrics statements="6" coveredstatements="6" conditionals="0" coveredconditionals="0" methods="1" coveredmethods="1"/>
      <file name="EmptyResults.js" path="D:\react-mentoring\Task2-Webpack-\client\src\components\EmptyResults\EmptyResults.js">
        <metrics statements="6" coveredstatements="6" conditionals="0" coveredconditionals="0" methods="1" coveredmethods="1"/>
        <line num="6" count="2" type="stmt"/>
        <line num="7" count="1" type="stmt"/>
        <line num="16" count="2" type="stmt"/>
        <line num="20" count="2" type="stmt"/>
        <line num="26" count="2" type="stmt"/>
        <line num="31" count="2" type="stmt"/>
      </file>
    </package>
    <package name="client.src.components.Film">
      <metrics statements="8" coveredstatements="8" conditionals="0" coveredconditionals="0" methods="2" coveredmethods="1"/>
      <file name="Film.js" path="D:\react-mentoring\Task2-Webpack-\client\src\components\Film\Film.js">
        <metrics statements="8" coveredstatements="8" conditionals="0" coveredconditionals="0" methods="2" coveredmethods="1"/>
        <line num="5" count="3" type="stmt"/>
        <line num="6" count="4" type="stmt"/>
        <line num="20" count="3" type="stmt"/>
        <line num="39" count="3" type="stmt"/>
        <line num="59" count="3" type="stmt"/>
        <line num="69" count="3" type="stmt"/>
        <line num="81" count="3" type="stmt"/>
        <line num="92" count="3" type="stmt"/>
      </file>
    </package>
    <package name="client.src.components.Films">
      <metrics statements="6" coveredstatements="6" conditionals="0" coveredconditionals="0" methods="2" coveredmethods="2"/>
      <file name="Films.js" path="D:\react-mentoring\Task2-Webpack-\client\src\components\Films\Films.js">
        <metrics statements="6" coveredstatements="6" conditionals="0" coveredconditionals="0" methods="2" coveredmethods="2"/>
        <line num="8" count="2" type="stmt"/>
        <line num="9" count="2" type="stmt"/>
        <line num="11" count="3" type="stmt"/>
        <line num="18" count="2" type="stmt"/>
        <line num="23" count="2" type="stmt"/>
        <line num="30" count="2" type="stmt"/>
      </file>
    </package>
    <package name="client.src.components.Search">
      <metrics statements="12" coveredstatements="9" conditionals="4" coveredconditionals="0" methods="4" coveredmethods="1"/>
      <file name="Search.js" path="D:\react-mentoring\Task2-Webpack-\client\src\components\Search\Search.js">
        <metrics statements="12" coveredstatements="9" conditionals="4" coveredconditionals="0" methods="4" coveredmethods="1"/>
        <line num="11" count="3" type="stmt"/>
        <line num="17" count="1" type="stmt"/>
        <line num="27" count="0" type="stmt"/>
        <line num="59" count="3" type="stmt"/>
        <line num="66" count="3" type="stmt"/>
        <line num="71" count="0" type="cond" truecount="0" falsecount="2"/>
        <line num="76" count="0" type="cond" truecount="0" falsecount="2"/>
        <line num="81" count="3" type="stmt"/>
        <line num="85" count="3" type="stmt"/>
        <line num="90" count="3" type="stmt"/>
        <line num="101" count="3" type="stmt"/>
        <line num="109" count="3" type="stmt"/>
      </file>
    </package>
    <package name="client.src.container.Header">
      <metrics statements="10" coveredstatements="4" conditionals="2" coveredconditionals="1" methods="4" coveredmethods="1"/>
      <file name="Header.js" path="D:\react-mentoring\Task2-Webpack-\client\src\container\Header\Header.js">
        <metrics statements="10" coveredstatements="4" conditionals="2" coveredconditionals="1" methods="4" coveredmethods="1"/>
        <line num="15" count="0" type="stmt"/>
        <line num="21" count="0" type="stmt"/>
        <line num="27" count="0" type="stmt"/>
        <line num="28" count="0" type="stmt"/>
        <line num="29" count="0" type="stmt"/>
        <line num="32" count="0" type="stmt"/>
        <line num="39" count="2" type="stmt"/>
        <line num="40" count="2" type="stmt"/>
        <line num="63" count="2" type="stmt"/>
        <line num="69" count="2" type="stmt"/>
      </file>
    </package>
    <package name="client.src.container.Main">
      <metrics statements="11" coveredstatements="8" conditionals="8" coveredconditionals="6" methods="5" coveredmethods="2"/>
      <file name="Main.js" path="D:\react-mentoring\Task2-Webpack-\client\src\container\Main\Main.js">
        <metrics statements="11" coveredstatements="8" conditionals="8" coveredconditionals="6" methods="5" coveredmethods="2"/>
        <line num="15" count="0" type="stmt"/>
        <line num="21" count="1" type="stmt"/>
        <line num="22" count="1" type="cond" truecount="1" falsecount="1"/>
        <line num="24" count="0" type="stmt"/>
        <line num="27" count="0" type="stmt"/>
        <line num="29" count="1" type="stmt"/>
        <line num="33" count="2" type="stmt"/>
        <line num="34" count="2" type="cond" truecount="1" falsecount="1"/>
        <line num="35" count="2" type="stmt"/>
        <line num="56" count="1" type="stmt"/>
        <line num="62" count="1" type="stmt"/>
      </file>
    </package>
  </project>
</coverage>
