<?xml version="1.0" ?>
<!DOCTYPE coverage SYSTEM "http://cobertura.sourceforge.net/xml/coverage-04.dtd">
<coverage lines-valid="154" lines-covered="148" line-rate="0.961" branches-valid="56" branches-covered="48" branch-rate="0.8571" timestamp="1555713104756" complexity="0" version="0.1">
  <sources>
    <source>D:\react-mentoring\Task2-Webpack-\client</source>
  </sources>
  <packages>
    <package name="client" line-rate="0.6667000000000001" branch-rate="1">
      <classes>
        <class name="assetsTransformer.js" filename="assetsTransformer.js" line-rate="0.6667000000000001" branch-rate="1">
          <methods>
            <method name="(anonymous_0)" hits="0" signature="()V">
              <lines>
                <line number="4" hits="0"/>
              </lines>
            </method>
          </methods>
          <lines>
            <line number="1" hits="3" branch="false"/>
            <line number="3" hits="3" branch="false"/>
            <line number="5" hits="0" branch="false"/>
          </lines>
        </class>
      </classes>
    </package>
    <package name="client.src.actions" line-rate="1" branch-rate="1">
      <classes>
        <class name="index.js" filename="src\actions\index.js" line-rate="1" branch-rate="1">
          <methods>
            <method name="(anonymous_0)" hits="2" signature="()V">
              <lines>
                <line number="19" hits="2"/>
              </lines>
            </method>
            <method name="(anonymous_1)" hits="2" signature="()V">
              <lines>
                <line number="25" hits="2"/>
              </lines>
            </method>
            <method name="(anonymous_2)" hits="2" signature="()V">
              <lines>
                <line number="30" hits="2"/>
              </lines>
            </method>
            <method name="(anonymous_3)" hits="1" signature="()V">
              <lines>
                <line number="35" hits="1"/>
              </lines>
            </method>
            <method name="(anonymous_4)" hits="1" signature="()V">
              <lines>
                <line number="39" hits="1"/>
              </lines>
            </method>
            <method name="(anonymous_5)" hits="2" signature="()V">
              <lines>
                <line number="44" hits="2"/>
              </lines>
            </method>
            <method name="(anonymous_6)" hits="2" signature="()V">
              <lines>
                <line number="49" hits="2"/>
              </lines>
            </method>
            <method name="(anonymous_7)" hits="2" signature="()V">
              <lines>
                <line number="54" hits="2"/>
              </lines>
            </method>
            <method name="(anonymous_8)" hits="1" signature="()V">
              <lines>
                <line number="59" hits="1"/>
              </lines>
            </method>
            <method name="(anonymous_9)" hits="1" signature="()V">
              <lines>
                <line number="64" hits="1"/>
              </lines>
            </method>
            <method name="(anonymous_10)" hits="1" signature="()V">
              <lines>
                <line number="69" hits="1"/>
              </lines>
            </method>
            <method name="(anonymous_11)" hits="1" signature="()V">
              <lines>
                <line number="73" hits="1"/>
              </lines>
            </method>
            <method name="(anonymous_12)" hits="2" signature="()V">
              <lines>
                <line number="77" hits="2"/>
              </lines>
            </method>
            <method name="(anonymous_13)" hits="2" signature="()V">
              <lines>
                <line number="77" hits="2"/>
              </lines>
            </method>
            <method name="(anonymous_14)" hits="1" signature="()V">
              <lines>
                <line number="83" hits="1"/>
              </lines>
            </method>
            <method name="(anonymous_15)" hits="1" signature="()V">
              <lines>
                <line number="89" hits="1"/>
              </lines>
            </method>
            <method name="(anonymous_16)" hits="1" signature="()V">
              <lines>
                <line number="89" hits="1"/>
              </lines>
            </method>
            <method name="(anonymous_17)" hits="1" signature="()V">
              <lines>
                <line number="92" hits="1"/>
              </lines>
            </method>
            <method name="(anonymous_18)" hits="1" signature="()V">
              <lines>
                <line number="97" hits="1"/>
              </lines>
            </method>
            <method name="(anonymous_19)" hits="1" signature="()V">
              <lines>
                <line number="97" hits="1"/>
              </lines>
            </method>
            <method name="(anonymous_20)" hits="1" signature="()V">
              <lines>
                <line number="100" hits="1"/>
              </lines>
            </method>
          </methods>
          <lines>
            <line number="19" hits="2" branch="false"/>
            <line number="25" hits="2" branch="false"/>
            <line number="30" hits="2" branch="false"/>
            <line number="35" hits="1" branch="false"/>
            <line number="39" hits="1" branch="false"/>
            <line number="44" hits="2" branch="false"/>
            <line number="49" hits="2" branch="false"/>
            <line number="54" hits="2" branch="false"/>
            <line number="59" hits="1" branch="false"/>
            <line number="64" hits="1" branch="false"/>
            <line number="69" hits="1" branch="false"/>
            <line number="73" hits="1" branch="false"/>
            <line number="77" hits="2" branch="false"/>
            <line number="78" hits="2" branch="false"/>
            <line number="79" hits="2" branch="false"/>
            <line number="80" hits="2" branch="false"/>
            <line number="81" hits="2" branch="false"/>
            <line number="82" hits="2" branch="false"/>
            <line number="84" hits="1" branch="false"/>
            <line number="85" hits="1" branch="false"/>
            <line number="89" hits="1" branch="false"/>
            <line number="90" hits="1" branch="false"/>
            <line number="91" hits="1" branch="false"/>
            <line number="93" hits="1" branch="false"/>
            <line number="97" hits="1" branch="false"/>
            <line number="98" hits="1" branch="false"/>
            <line number="99" hits="1" branch="false"/>
            <line number="101" hits="1" branch="false"/>
            <line number="102" hits="1" branch="false"/>
          </lines>
        </class>
      </classes>
    </package>
    <package name="client.src.common.Components.Arrow" line-rate="1" branch-rate="0.8332999999999999">
      <classes>
        <class name="Arrow.js" filename="src\common\Components\Arrow\Arrow.js" line-rate="1" branch-rate="0.8332999999999999">
          <methods>
            <method name="(anonymous_0)" hits="3" signature="()V">
              <lines>
                <line number="4" hits="3"/>
              </lines>
            </method>
            <method name="(anonymous_1)" hits="3" signature="()V">
              <lines>
                <line number="16" hits="3"/>
              </lines>
            </method>
            <method name="(anonymous_2)" hits="3" signature="()V">
              <lines>
                <line number="20" hits="3"/>
              </lines>
            </method>
            <method name="(anonymous_3)" hits="3" signature="()V">
              <lines>
                <line number="25" hits="3"/>
              </lines>
            </method>
          </methods>
          <lines>
            <line number="4" hits="4" branch="false"/>
            <line number="5" hits="3" branch="false"/>
            <line number="10" hits="4" branch="false"/>
            <line number="16" hits="3" branch="true" condition-coverage="50% (1/2)"/>
            <line number="20" hits="3" branch="true" condition-coverage="100% (2/2)"/>
            <line number="25" hits="3" branch="true" condition-coverage="100% (2/2)"/>
          </lines>
        </class>
      </classes>
    </package>
    <package name="client.src.common.Components.Button" line-rate="1" branch-rate="0.75">
      <classes>
        <class name="Button.js" filename="src\common\Components\Button\Button.js" line-rate="1" branch-rate="0.75">
          <methods>
            <method name="(anonymous_0)" hits="2" signature="()V">
              <lines>
                <line number="14" hits="2"/>
              </lines>
            </method>
            <method name="(anonymous_1)" hits="2" signature="()V">
              <lines>
                <line number="19" hits="2"/>
              </lines>
            </method>
          </methods>
          <lines>
            <line number="4" hits="4" branch="false"/>
            <line number="14" hits="2" branch="true" condition-coverage="100% (2/2)"/>
            <line number="19" hits="2" branch="true" condition-coverage="50% (1/2)"/>
          </lines>
        </class>
      </classes>
    </package>
    <package name="client.src.common.Components.HeaderBackground" line-rate="1" branch-rate="1">
      <classes>
        <class name="HeaderBackground.js" filename="src\common\Components\HeaderBackground\HeaderBackground.js" line-rate="1" branch-rate="1">
          <methods>
          </methods>
          <lines>
            <line number="6" hits="3" branch="false"/>
          </lines>
        </class>
      </classes>
    </package>
    <package name="client.src.common.Components.HeaderWrapper" line-rate="1" branch-rate="1">
      <classes>
        <class name="HeaderWrapper.js" filename="src\common\Components\HeaderWrapper\HeaderWrapper.js" line-rate="1" branch-rate="1">
          <methods>
          </methods>
          <lines>
            <line number="3" hits="4" branch="false"/>
          </lines>
        </class>
      </classes>
    </package>
    <package name="client.src.common.Components.Logo" line-rate="1" branch-rate="1">
      <classes>
        <class name="Logo.js" filename="src\common\Components\Logo\Logo.js" line-rate="1" branch-rate="1">
          <methods>
            <method name="(anonymous_0)" hits="2" signature="()V">
              <lines>
                <line number="5" hits="2"/>
              </lines>
            </method>
          </methods>
          <lines>
            <line number="5" hits="4" branch="false"/>
            <line number="9" hits="4" branch="false"/>
          </lines>
        </class>
      </classes>
    </package>
    <package name="client.src.common.Components.Pagination" line-rate="1" branch-rate="1">
      <classes>
        <class name="Pagination.js" filename="src\common\Components\Pagination\Pagination.js" line-rate="1" branch-rate="1">
          <methods>
            <method name="(anonymous_0)" hits="1" signature="()V">
              <lines>
                <line number="6" hits="1"/>
              </lines>
            </method>
            <method name="(anonymous_1)" hits="3" signature="()V">
              <lines>
                <line number="12" hits="3"/>
              </lines>
            </method>
            <method name="(anonymous_2)" hits="1" signature="()V">
              <lines>
                <line number="26" hits="1"/>
              </lines>
            </method>
          </methods>
          <lines>
            <line number="6" hits="1" branch="false"/>
            <line number="9" hits="1" branch="false"/>
            <line number="13" hits="3" branch="false"/>
            <line number="27" hits="1" branch="false"/>
            <line number="44" hits="1" branch="false"/>
          </lines>
        </class>
      </classes>
    </package>
    <package name="client.src.common.Components.RadioButton" line-rate="0.9" branch-rate="0.9333">
      <classes>
        <class name="RadioButton.js" filename="src\common\Components\RadioButton\RadioButton.js" line-rate="0.9" branch-rate="0.9333">
          <methods>
            <method name="(anonymous_0)" hits="10" signature="()V">
              <lines>
                <line number="5" hits="10"/>
              </lines>
            </method>
            <method name="(anonymous_1)" hits="0" signature="()V">
              <lines>
                <line number="19" hits="0"/>
              </lines>
            </method>
            <method name="(anonymous_2)" hits="8" signature="()V">
              <lines>
                <line number="42" hits="8"/>
              </lines>
            </method>
            <method name="(anonymous_3)" hits="8" signature="()V">
              <lines>
                <line number="47" hits="8"/>
              </lines>
            </method>
            <method name="(anonymous_4)" hits="8" signature="()V">
              <lines>
                <line number="54" hits="8"/>
              </lines>
            </method>
            <method name="(anonymous_5)" hits="8" signature="()V">
              <lines>
                <line number="58" hits="8"/>
              </lines>
            </method>
            <method name="(anonymous_6)" hits="8" signature="()V">
              <lines>
                <line number="62" hits="8"/>
              </lines>
            </method>
          </methods>
          <lines>
            <line number="5" hits="7" branch="false"/>
            <line number="13" hits="10" branch="false"/>
            <line number="19" hits="0" branch="false"/>
            <line number="32" hits="7" branch="false"/>
            <line number="36" hits="7" branch="false"/>
            <line number="42" hits="8" branch="true" condition-coverage="100% (3/3)"/>
            <line number="47" hits="8" branch="true" condition-coverage="100% (2/2)"/>
            <line number="54" hits="8" branch="true" condition-coverage="100% (3/3)"/>
            <line number="58" hits="8" branch="true" condition-coverage="100% (2/2)"/>
            <line number="62" hits="8" branch="true" condition-coverage="66.66666666666666% (2/3)"/>
          </lines>
        </class>
      </classes>
    </package>
    <package name="client.src.common.Theme" line-rate="1" branch-rate="1">
      <classes>
        <class name="Theme.js" filename="src\common\Theme\Theme.js" line-rate="1" branch-rate="1">
          <methods>
          </methods>
          <lines>
            <line number="1" hits="12" branch="false"/>
          </lines>
        </class>
      </classes>
    </package>
    <package name="client.src.components.Cockpit" line-rate="1" branch-rate="1">
      <classes>
        <class name="Cockpit.js" filename="src\components\Cockpit\Cockpit.js" line-rate="1" branch-rate="1">
          <methods>
            <method name="(anonymous_0)" hits="2" signature="()V">
              <lines>
                <line number="8" hits="2"/>
              </lines>
            </method>
          </methods>
          <lines>
            <line number="8" hits="2" branch="false"/>
            <line number="11" hits="2" branch="false"/>
            <line number="49" hits="2" branch="false"/>
            <line number="57" hits="2" branch="false"/>
            <line number="62" hits="2" branch="false"/>
            <line number="70" hits="2" branch="false"/>
          </lines>
        </class>
      </classes>
    </package>
    <package name="client.src.components.Detail" line-rate="0.7857" branch-rate="0">
      <classes>
        <class name="Detail.js" filename="src\components\Detail\Detail.js" line-rate="0.7857" branch-rate="0">
          <methods>
            <method name="(anonymous_0)" hits="1" signature="()V">
              <lines>
                <line number="10" hits="1"/>
              </lines>
            </method>
            <method name="(anonymous_1)" hits="0" signature="()V">
              <lines>
                <line number="17" hits="0"/>
              </lines>
            </method>
            <method name="(anonymous_2)" hits="0" signature="()V">
              <lines>
                <line number="64" hits="0"/>
              </lines>
            </method>
            <method name="(anonymous_3)" hits="0" signature="()V">
              <lines>
                <line number="104" hits="0"/>
              </lines>
            </method>
          </methods>
          <lines>
            <line number="10" hits="1" branch="false"/>
            <line number="11" hits="1" branch="false"/>
            <line number="17" hits="0" branch="false"/>
            <line number="55" hits="1" branch="false"/>
            <line number="60" hits="1" branch="false"/>
            <line number="64" hits="0" branch="true" condition-coverage="0% (0/2)"/>
            <line number="69" hits="1" branch="false"/>
            <line number="76" hits="1" branch="false"/>
            <line number="85" hits="1" branch="false"/>
            <line number="93" hits="1" branch="false"/>
            <line number="99" hits="1" branch="false"/>
            <line number="104" hits="0" branch="true" condition-coverage="0% (0/2)"/>
            <line number="109" hits="1" branch="false"/>
            <line number="115" hits="1" branch="false"/>
          </lines>
        </class>
      </classes>
    </package>
    <package name="client.src.components.EmptyResults" line-rate="1" branch-rate="1">
      <classes>
        <class name="EmptyResults.js" filename="src\components\EmptyResults\EmptyResults.js" line-rate="1" branch-rate="1">
          <methods>
            <method name="(anonymous_0)" hits="1" signature="()V">
              <lines>
                <line number="6" hits="1"/>
              </lines>
            </method>
          </methods>
          <lines>
            <line number="6" hits="1" branch="false"/>
            <line number="7" hits="1" branch="false"/>
            <line number="16" hits="1" branch="false"/>
            <line number="20" hits="1" branch="false"/>
            <line number="26" hits="1" branch="false"/>
            <line number="31" hits="1" branch="false"/>
          </lines>
        </class>
      </classes>
    </package>
    <package name="client.src.components.Film" line-rate="1" branch-rate="1">
      <classes>
        <class name="Film.js" filename="src\components\Film\Film.js" line-rate="1" branch-rate="1">
          <methods>
            <method name="(anonymous_0)" hits="3" signature="()V">
              <lines>
                <line number="5" hits="3"/>
              </lines>
            </method>
            <method name="(anonymous_1)" hits="0" signature="()V">
              <lines>
                <line number="6" hits="0"/>
              </lines>
            </method>
          </methods>
          <lines>
            <line number="5" hits="2" branch="false"/>
            <line number="6" hits="3" branch="false"/>
            <line number="20" hits="2" branch="false"/>
            <line number="39" hits="2" branch="false"/>
            <line number="62" hits="2" branch="false"/>
            <line number="72" hits="2" branch="false"/>
            <line number="84" hits="2" branch="false"/>
            <line number="95" hits="2" branch="false"/>
          </lines>
        </class>
      </classes>
    </package>
    <package name="client.src.components.Films" line-rate="1" branch-rate="1">
      <classes>
        <class name="Films.js" filename="src\components\Films\Films.js" line-rate="1" branch-rate="1">
          <methods>
            <method name="(anonymous_0)" hits="1" signature="()V">
              <lines>
                <line number="8" hits="1"/>
              </lines>
            </method>
            <method name="(anonymous_1)" hits="2" signature="()V">
              <lines>
                <line number="11" hits="2"/>
              </lines>
            </method>
          </methods>
          <lines>
            <line number="8" hits="1" branch="false"/>
            <line number="9" hits="1" branch="false"/>
            <line number="11" hits="2" branch="false"/>
            <line number="18" hits="1" branch="false"/>
            <line number="23" hits="1" branch="false"/>
            <line number="30" hits="1" branch="false"/>
          </lines>
        </class>
      </classes>
    </package>
    <package name="client.src.components.Search" line-rate="0.9167000000000001" branch-rate="1">
      <classes>
        <class name="Search.js" filename="src\components\Search\Search.js" line-rate="0.9167000000000001" branch-rate="1">
          <methods>
            <method name="(anonymous_0)" hits="2" signature="()V">
              <lines>
                <line number="11" hits="2"/>
              </lines>
            </method>
            <method name="(anonymous_1)" hits="0" signature="()V">
              <lines>
                <line number="27" hits="0"/>
              </lines>
            </method>
            <method name="(anonymous_2)" hits="2" signature="()V">
              <lines>
                <line number="72" hits="2"/>
              </lines>
            </method>
            <method name="(anonymous_3)" hits="2" signature="()V">
              <lines>
                <line number="77" hits="2"/>
              </lines>
            </method>
          </methods>
          <lines>
            <line number="11" hits="2" branch="false"/>
            <line number="17" hits="2" branch="false"/>
            <line number="27" hits="0" branch="false"/>
            <line number="60" hits="2" branch="false"/>
            <line number="67" hits="2" branch="false"/>
            <line number="72" hits="2" branch="true" condition-coverage="100% (2/2)"/>
            <line number="77" hits="2" branch="true" condition-coverage="100% (2/2)"/>
            <line number="82" hits="2" branch="false"/>
            <line number="86" hits="2" branch="false"/>
            <line number="91" hits="2" branch="false"/>
            <line number="102" hits="2" branch="false"/>
            <line number="110" hits="2" branch="false"/>
          </lines>
        </class>
      </classes>
    </package>
    <package name="client.src.constants" line-rate="1" branch-rate="1">
      <classes>
        <class name="index.js" filename="src\constants\index.js" line-rate="1" branch-rate="1">
          <methods>
          </methods>
          <lines>
            <line number="1" hits="4" branch="false"/>
            <line number="2" hits="4" branch="false"/>
            <line number="3" hits="4" branch="false"/>
            <line number="4" hits="4" branch="false"/>
            <line number="5" hits="4" branch="false"/>
            <line number="6" hits="4" branch="false"/>
            <line number="7" hits="4" branch="false"/>
            <line number="8" hits="4" branch="false"/>
            <line number="9" hits="4" branch="false"/>
            <line number="10" hits="4" branch="false"/>
            <line number="11" hits="4" branch="false"/>
            <line number="12" hits="4" branch="false"/>
          </lines>
        </class>
      </classes>
    </package>
    <package name="client.src.reducers" line-rate="1" branch-rate="1">
      <classes>
        <class name="index.js" filename="src\reducers\index.js" line-rate="1" branch-rate="1">
          <methods>
          </methods>
          <lines>
            <line number="6" hits="1" branch="false"/>
          </lines>
        </class>
        <class name="movie.js" filename="src\reducers\movie.js" line-rate="1" branch-rate="1">
          <methods>
            <method name="(anonymous_0)" hits="9" signature="()V">
              <lines>
                <line number="12" hits="9"/>
              </lines>
            </method>
          </methods>
          <lines>
            <line number="7" hits="2" branch="false"/>
            <line number="12" hits="2" branch="true" condition-coverage="100% (1/1)"/>
            <line number="15" hits="9" branch="true" condition-coverage="100% (4/4)"/>
            <line number="17" hits="1" branch="false"/>
            <line number="22" hits="1" branch="false"/>
            <line number="27" hits="1" branch="false"/>
            <line number="33" hits="6" branch="false"/>
          </lines>
        </class>
        <class name="movies.js" filename="src\reducers\movies.js" line-rate="1" branch-rate="1">
          <methods>
            <method name="(anonymous_0)" hits="8" signature="()V">
              <lines>
                <line number="12" hits="8"/>
              </lines>
            </method>
          </methods>
          <lines>
            <line number="6" hits="2" branch="false"/>
            <line number="12" hits="2" branch="true" condition-coverage="100% (1/1)"/>
            <line number="13" hits="8" branch="true" condition-coverage="100% (3/3)"/>
            <line number="15" hits="1" branch="false"/>
            <line number="22" hits="1" branch="false"/>
            <line number="27" hits="6" branch="false"/>
          </lines>
        </class>
        <class name="search.js" filename="src\reducers\search.js" line-rate="1" branch-rate="1">
          <methods>
            <method name="(anonymous_0)" hits="13" signature="()V">
              <lines>
                <line number="21" hits="13"/>
              </lines>
            </method>
          </methods>
          <lines>
            <line number="11" hits="2" branch="false"/>
            <line number="21" hits="2" branch="true" condition-coverage="100% (1/1)"/>
            <line number="24" hits="13" branch="true" condition-coverage="100% (8/8)"/>
            <line number="26" hits="1" branch="false"/>
            <line number="31" hits="1" branch="false"/>
            <line number="37" hits="1" branch="false"/>
            <line number="42" hits="1" branch="false"/>
            <line number="47" hits="1" branch="false"/>
            <line number="53" hits="1" branch="false"/>
            <line number="61" hits="1" branch="false"/>
            <line number="67" hits="6" branch="false"/>
          </lines>
        </class>
      </classes>
    </package>
    <package name="client.src.store" line-rate="1" branch-rate="0.8">
      <classes>
        <class name="store.js" filename="src\store\store.js" line-rate="1" branch-rate="0.8">
          <methods>
          </methods>
          <lines>
            <line number="7" hits="1" branch="false"/>
            <line number="12" hits="1" branch="true" condition-coverage="80% (4/5)"/>
            <line number="18" hits="1" branch="false"/>
            <line number="23" hits="1" branch="false"/>
          </lines>
        </class>
      </classes>
    </package>
  </packages>
</coverage>
