{"D:\\react-mentoring\\Task2-Webpack-\\client\\assetsTransformer.js": {"path":"D:\\react-mentoring\\Task2-Webpack-\\client\\assetsTransformer.js","statementMap":{"0":{"start":{"line":1,"column":13},"end":{"line":1,"column":28}},"1":{"start":{"line":3,"column":0},"end":{"line":7,"column":2}},"2":{"start":{"line":5,"column":8},"end":{"line":5,"column":83}}},"fnMap":{"0":{"name":"(anonymous_0)","decl":{"start":{"line":4,"column":4},"end":{"line":4,"column":5}},"loc":{"start":{"line":4,"column":44},"end":{"line":6,"column":5}},"line":4}},"branchMap":{},"s":{"0":4,"1":4,"2":0},"f":{"0":0},"b":{},"_coverageSchema":"43e27e138ebf9cfc5966b082cf9a028302ed4184","hash":"84725969c3acf288f8352b48f969072321f06941"}
,"D:\\react-mentoring\\Task2-Webpack-\\client\\src\\common\\Components\\Button\\Button.js": {"path":"D:\\react-mentoring\\Task2-Webpack-\\client\\src\\common\\Components\\Button\\Button.js","statementMap":{"0":{"start":{"line":4,"column":15},"end":{"line":23,"column":1}},"1":{"start":{"line":14,"column":15},"end":{"line":17,"column":5}},"2":{"start":{"line":19,"column":15},"end":{"line":22,"column":5}}},"fnMap":{"0":{"name":"(anonymous_0)","decl":{"start":{"line":14,"column":6},"end":{"line":14,"column":7}},"loc":{"start":{"line":14,"column":15},"end":{"line":17,"column":5}},"line":14},"1":{"name":"(anonymous_1)","decl":{"start":{"line":19,"column":6},"end":{"line":19,"column":7}},"loc":{"start":{"line":19,"column":15},"end":{"line":22,"column":5}},"line":19}},"branchMap":{"0":{"loc":{"start":{"line":14,"column":15},"end":{"line":17,"column":5}},"type":"binary-expr","locations":[{"start":{"line":14,"column":15},"end":{"line":14,"column":24}},{"start":{"line":14,"column":28},"end":{"line":17,"column":5}}],"line":14},"1":{"loc":{"start":{"line":19,"column":15},"end":{"line":22,"column":5}},"type":"binary-expr","locations":[{"start":{"line":19,"column":15},"end":{"line":19,"column":26}},{"start":{"line":19,"column":30},"end":{"line":22,"column":5}}],"line":19}},"s":{"0":5,"1":0,"2":0},"f":{"0":0,"1":0},"b":{"0":[0,0],"1":[0,0]},"_coverageSchema":"43e27e138ebf9cfc5966b082cf9a028302ed4184","hash":"dde1ad41f32a114501f902e86dbc9d1a277871f1"}
,"D:\\react-mentoring\\Task2-Webpack-\\client\\src\\common\\Components\\HeaderBackground\\HeaderBackground.js": {"path":"D:\\react-mentoring\\Task2-Webpack-\\client\\src\\common\\Components\\HeaderBackground\\HeaderBackground.js","statementMap":{"0":{"start":{"line":6,"column":25},"end":{"line":11,"column":1}}},"fnMap":{},"branchMap":{},"s":{"0":4},"f":{},"b":{},"_coverageSchema":"43e27e138ebf9cfc5966b082cf9a028302ed4184","hash":"57a48489f4582c87177815544a9b272eadb083b6"}
,"D:\\react-mentoring\\Task2-Webpack-\\client\\src\\common\\Components\\HeaderWrapper\\HeaderWrapper.js": {"path":"D:\\react-mentoring\\Task2-Webpack-\\client\\src\\common\\Components\\HeaderWrapper\\HeaderWrapper.js","statementMap":{"0":{"start":{"line":3,"column":22},"end":{"line":7,"column":1}}},"fnMap":{},"branchMap":{},"s":{"0":5},"f":{},"b":{},"_coverageSchema":"43e27e138ebf9cfc5966b082cf9a028302ed4184","hash":"6d549a9a34a4be95bb1c9d0db86996d8aa7ff9ad"}
,"D:\\react-mentoring\\Task2-Webpack-\\client\\src\\common\\Components\\Logo\\Logo.js": {"path":"D:\\react-mentoring\\Task2-Webpack-\\client\\src\\common\\Components\\Logo\\Logo.js","statementMap":{"0":{"start":{"line":5,"column":13},"end":{"line":5,"column":55}},"1":{"start":{"line":5,"column":19},"end":{"line":5,"column":55}},"2":{"start":{"line":9,"column":17},"end":{"line":12,"column":1}}},"fnMap":{"0":{"name":"(anonymous_0)","decl":{"start":{"line":5,"column":13},"end":{"line":5,"column":14}},"loc":{"start":{"line":5,"column":19},"end":{"line":5,"column":55}},"line":5}},"branchMap":{},"s":{"0":5,"1":1,"2":5},"f":{"0":1},"b":{},"_coverageSchema":"43e27e138ebf9cfc5966b082cf9a028302ed4184","hash":"3e45c701c69bbbdd918416c6de30c155d8d8b8dc"}
,"D:\\react-mentoring\\Task2-Webpack-\\client\\src\\common\\Components\\RadioButton\\RadioButton.js": {"path":"D:\\react-mentoring\\Task2-Webpack-\\client\\src\\common\\Components\\RadioButton\\RadioButton.js","statementMap":{"0":{"start":{"line":5,"column":20},"end":{"line":26,"column":1}},"1":{"start":{"line":12,"column":2},"end":{"line":25,"column":13}},"2":{"start":{"line":18,"column":25},"end":{"line":18,"column":43}},"3":{"start":{"line":30,"column":19},"end":{"line":32,"column":1}},"4":{"start":{"line":34,"column":19},"end":{"line":58,"column":1}},"5":{"start":{"line":40,"column":14},"end":{"line":45,"column":4}},"6":{"start":{"line":47,"column":15},"end":{"line":49,"column":6}},"7":{"start":{"line":51,"column":15},"end":{"line":53,"column":4}},"8":{"start":{"line":55,"column":15},"end":{"line":57,"column":5}}},"fnMap":{"0":{"name":"(anonymous_0)","decl":{"start":{"line":5,"column":20},"end":{"line":5,"column":21}},"loc":{"start":{"line":12,"column":2},"end":{"line":25,"column":13}},"line":12},"1":{"name":"(anonymous_1)","decl":{"start":{"line":18,"column":16},"end":{"line":18,"column":17}},"loc":{"start":{"line":18,"column":25},"end":{"line":18,"column":43}},"line":18},"2":{"name":"(anonymous_2)","decl":{"start":{"line":40,"column":5},"end":{"line":40,"column":6}},"loc":{"start":{"line":40,"column":14},"end":{"line":45,"column":4}},"line":40},"3":{"name":"(anonymous_3)","decl":{"start":{"line":47,"column":6},"end":{"line":47,"column":7}},"loc":{"start":{"line":47,"column":15},"end":{"line":49,"column":6}},"line":47},"4":{"name":"(anonymous_4)","decl":{"start":{"line":51,"column":6},"end":{"line":51,"column":7}},"loc":{"start":{"line":51,"column":15},"end":{"line":53,"column":4}},"line":51},"5":{"name":"(anonymous_5)","decl":{"start":{"line":55,"column":6},"end":{"line":55,"column":7}},"loc":{"start":{"line":55,"column":15},"end":{"line":57,"column":5}},"line":55}},"branchMap":{"0":{"loc":{"start":{"line":40,"column":14},"end":{"line":45,"column":4}},"type":"binary-expr","locations":[{"start":{"line":40,"column":14},"end":{"line":40,"column":27}},{"start":{"line":40,"column":31},"end":{"line":45,"column":4}}],"line":40},"1":{"loc":{"start":{"line":47,"column":15},"end":{"line":49,"column":6}},"type":"binary-expr","locations":[{"start":{"line":47,"column":15},"end":{"line":47,"column":28}},{"start":{"line":47,"column":32},"end":{"line":47,"column":44}},{"start":{"line":47,"column":48},"end":{"line":49,"column":6}}],"line":47},"2":{"loc":{"start":{"line":51,"column":15},"end":{"line":53,"column":4}},"type":"binary-expr","locations":[{"start":{"line":51,"column":15},"end":{"line":51,"column":32}},{"start":{"line":51,"column":36},"end":{"line":53,"column":4}}],"line":51},"3":{"loc":{"start":{"line":55,"column":15},"end":{"line":57,"column":5}},"type":"binary-expr","locations":[{"start":{"line":55,"column":15},"end":{"line":55,"column":32}},{"start":{"line":55,"column":36},"end":{"line":55,"column":48}},{"start":{"line":55,"column":52},"end":{"line":57,"column":5}}],"line":55}},"s":{"0":7,"1":4,"2":0,"3":7,"4":7,"5":2,"6":2,"7":2,"8":2},"f":{"0":4,"1":0,"2":2,"3":2,"4":2,"5":2},"b":{"0":[2,0],"1":[2,0,0],"2":[2,2],"3":[2,2,1]},"_coverageSchema":"43e27e138ebf9cfc5966b082cf9a028302ed4184","hash":"19049fad08df239615bd4ff201a90302fe6142e2"}
,"D:\\react-mentoring\\Task2-Webpack-\\client\\src\\common\\Theme\\Theme.js": {"path":"D:\\react-mentoring\\Task2-Webpack-\\client\\src\\common\\Theme\\Theme.js","statementMap":{"0":{"start":{"line":1,"column":15},"end":{"line":9,"column":1}}},"fnMap":{},"branchMap":{},"s":{"0":12},"f":{},"b":{},"_coverageSchema":"43e27e138ebf9cfc5966b082cf9a028302ed4184","hash":"6ea44ad342a12afc850a3d6f6b5ccbce9e5ced3a"}
,"D:\\react-mentoring\\Task2-Webpack-\\client\\src\\components\\Cockpit\\Cockpit.js": {"path":"D:\\react-mentoring\\Task2-Webpack-\\client\\src\\components\\Cockpit\\Cockpit.js","statementMap":{"0":{"start":{"line":7,"column":16},"end":{"line":35,"column":1}},"1":{"start":{"line":8,"column":2},"end":{"line":34,"column":4}},"2":{"start":{"line":39,"column":0},"end":{"line":43,"column":2}},"3":{"start":{"line":45,"column":19},"end":{"line":48,"column":1}},"4":{"start":{"line":50,"column":16},"end":{"line":56,"column":1}}},"fnMap":{"0":{"name":"(anonymous_0)","decl":{"start":{"line":7,"column":16},"end":{"line":7,"column":17}},"loc":{"start":{"line":7,"column":58},"end":{"line":35,"column":1}},"line":7}},"branchMap":{},"s":{"0":3,"1":3,"2":3,"3":3,"4":3},"f":{"0":3},"b":{},"_coverageSchema":"43e27e138ebf9cfc5966b082cf9a028302ed4184","hash":"90a50add5888e9b0b84e31c891c22960b7083401"}
,"D:\\react-mentoring\\Task2-Webpack-\\client\\src\\components\\Detail\\Detail.js": {"path":"D:\\react-mentoring\\Task2-Webpack-\\client\\src\\components\\Detail\\Detail.js","statementMap":{"0":{"start":{"line":10,"column":15},"end":{"line":44,"column":1}},"1":{"start":{"line":11,"column":2},"end":{"line":43,"column":4}},"2":{"start":{"line":16,"column":33},"end":{"line":16,"column":54}},"3":{"start":{"line":48,"column":0},"end":{"line":51,"column":2}},"4":{"start":{"line":53,"column":18},"end":{"line":60,"column":1}},"5":{"start":{"line":57,"column":15},"end":{"line":59,"column":5}},"6":{"start":{"line":62,"column":22},"end":{"line":67,"column":1}},"7":{"start":{"line":69,"column":20},"end":{"line":74,"column":1}},"8":{"start":{"line":76,"column":15},"end":{"line":82,"column":1}},"9":{"start":{"line":84,"column":14},"end":{"line":88,"column":1}},"10":{"start":{"line":90,"column":13},"end":{"line":98,"column":1}},"11":{"start":{"line":95,"column":16},"end":{"line":97,"column":5}}},"fnMap":{"0":{"name":"(anonymous_0)","decl":{"start":{"line":10,"column":15},"end":{"line":10,"column":16}},"loc":{"start":{"line":10,"column":56},"end":{"line":44,"column":1}},"line":10},"1":{"name":"(anonymous_1)","decl":{"start":{"line":16,"column":27},"end":{"line":16,"column":28}},"loc":{"start":{"line":16,"column":33},"end":{"line":16,"column":54}},"line":16},"2":{"name":"(anonymous_2)","decl":{"start":{"line":57,"column":6},"end":{"line":57,"column":7}},"loc":{"start":{"line":57,"column":15},"end":{"line":59,"column":5}},"line":57},"3":{"name":"(anonymous_3)","decl":{"start":{"line":95,"column":7},"end":{"line":95,"column":8}},"loc":{"start":{"line":95,"column":16},"end":{"line":97,"column":5}},"line":95}},"branchMap":{"0":{"loc":{"start":{"line":57,"column":15},"end":{"line":59,"column":5}},"type":"binary-expr","locations":[{"start":{"line":57,"column":15},"end":{"line":57,"column":27}},{"start":{"line":57,"column":31},"end":{"line":59,"column":5}}],"line":57},"1":{"loc":{"start":{"line":95,"column":16},"end":{"line":97,"column":5}},"type":"binary-expr","locations":[{"start":{"line":95,"column":16},"end":{"line":95,"column":26}},{"start":{"line":95,"column":30},"end":{"line":97,"column":5}}],"line":95}},"s":{"0":3,"1":1,"2":0,"3":3,"4":3,"5":0,"6":3,"7":3,"8":3,"9":3,"10":3,"11":0},"f":{"0":1,"1":0,"2":0,"3":0},"b":{"0":[0,0],"1":[0,0]},"_coverageSchema":"43e27e138ebf9cfc5966b082cf9a028302ed4184","hash":"1c7986d1dc2f83308dd514d6d2e47ae0418e8c26"}
,"D:\\react-mentoring\\Task2-Webpack-\\client\\src\\components\\EmptyResults\\EmptyResults.js": {"path":"D:\\react-mentoring\\Task2-Webpack-\\client\\src\\components\\EmptyResults\\EmptyResults.js","statementMap":{"0":{"start":{"line":6,"column":21},"end":{"line":12,"column":1}},"1":{"start":{"line":7,"column":2},"end":{"line":11,"column":20}},"2":{"start":{"line":16,"column":0},"end":{"line":18,"column":2}},"3":{"start":{"line":20,"column":24},"end":{"line":24,"column":1}},"4":{"start":{"line":26,"column":23},"end":{"line":29,"column":1}},"5":{"start":{"line":31,"column":18},"end":{"line":36,"column":1}}},"fnMap":{"0":{"name":"(anonymous_0)","decl":{"start":{"line":6,"column":21},"end":{"line":6,"column":22}},"loc":{"start":{"line":7,"column":2},"end":{"line":11,"column":20}},"line":7}},"branchMap":{},"s":{"0":2,"1":1,"2":2,"3":2,"4":2,"5":2},"f":{"0":1},"b":{},"_coverageSchema":"43e27e138ebf9cfc5966b082cf9a028302ed4184","hash":"2aadb2341eb3147d1f2c2ccd44b90070710684d6"}
,"D:\\react-mentoring\\Task2-Webpack-\\client\\src\\components\\Film\\Film.js": {"path":"D:\\react-mentoring\\Task2-Webpack-\\client\\src\\components\\Film\\Film.js","statementMap":{"0":{"start":{"line":5,"column":13},"end":{"line":16,"column":1}},"1":{"start":{"line":6,"column":2},"end":{"line":15,"column":13}},"2":{"start":{"line":6,"column":27},"end":{"line":6,"column":53}},"3":{"start":{"line":20,"column":0},"end":{"line":37,"column":2}},"4":{"start":{"line":39,"column":17},"end":{"line":57,"column":1}},"5":{"start":{"line":59,"column":12},"end":{"line":67,"column":1}},"6":{"start":{"line":69,"column":20},"end":{"line":79,"column":1}},"7":{"start":{"line":81,"column":14},"end":{"line":90,"column":1}},"8":{"start":{"line":92,"column":24},"end":{"line":99,"column":1}}},"fnMap":{"0":{"name":"(anonymous_0)","decl":{"start":{"line":5,"column":13},"end":{"line":5,"column":14}},"loc":{"start":{"line":6,"column":2},"end":{"line":15,"column":13}},"line":6},"1":{"name":"(anonymous_1)","decl":{"start":{"line":6,"column":21},"end":{"line":6,"column":22}},"loc":{"start":{"line":6,"column":27},"end":{"line":6,"column":53}},"line":6}},"branchMap":{},"s":{"0":3,"1":4,"2":0,"3":3,"4":3,"5":3,"6":3,"7":3,"8":3},"f":{"0":4,"1":0},"b":{},"_coverageSchema":"43e27e138ebf9cfc5966b082cf9a028302ed4184","hash":"f57623281e09066f9b8cf7198f7478fa7309cee7"}
,"D:\\react-mentoring\\Task2-Webpack-\\client\\src\\components\\Films\\Films.js": {"path":"D:\\react-mentoring\\Task2-Webpack-\\client\\src\\components\\Films\\Films.js","statementMap":{"0":{"start":{"line":8,"column":14},"end":{"line":14,"column":1}},"1":{"start":{"line":9,"column":2},"end":{"line":13,"column":20}},"2":{"start":{"line":11,"column":27},"end":{"line":11,"column":99}},"3":{"start":{"line":18,"column":0},"end":{"line":21,"column":2}},"4":{"start":{"line":23,"column":24},"end":{"line":28,"column":1}},"5":{"start":{"line":30,"column":21},"end":{"line":36,"column":1}}},"fnMap":{"0":{"name":"(anonymous_0)","decl":{"start":{"line":8,"column":14},"end":{"line":8,"column":15}},"loc":{"start":{"line":9,"column":2},"end":{"line":13,"column":20}},"line":9},"1":{"name":"(anonymous_1)","decl":{"start":{"line":11,"column":17},"end":{"line":11,"column":18}},"loc":{"start":{"line":11,"column":27},"end":{"line":11,"column":99}},"line":11}},"branchMap":{},"s":{"0":2,"1":2,"2":3,"3":2,"4":2,"5":2},"f":{"0":2,"1":3},"b":{},"_coverageSchema":"43e27e138ebf9cfc5966b082cf9a028302ed4184","hash":"68554c0aec88598af4312cd9ddcd2bf18ede7ce9"}
,"D:\\react-mentoring\\Task2-Webpack-\\client\\src\\components\\Search\\Search.js": {"path":"D:\\react-mentoring\\Task2-Webpack-\\client\\src\\components\\Search\\Search.js","statementMap":{"0":{"start":{"line":11,"column":15},"end":{"line":55,"column":1}},"1":{"start":{"line":17,"column":2},"end":{"line":54,"column":4}},"2":{"start":{"line":27,"column":33},"end":{"line":27,"column":56}},"3":{"start":{"line":59,"column":0},"end":{"line":64,"column":2}},"4":{"start":{"line":66,"column":14},"end":{"line":79,"column":1}},"5":{"start":{"line":71,"column":15},"end":{"line":74,"column":5}},"6":{"start":{"line":76,"column":15},"end":{"line":78,"column":5}},"7":{"start":{"line":81,"column":13},"end":{"line":83,"column":1}},"8":{"start":{"line":85,"column":21},"end":{"line":88,"column":1}},"9":{"start":{"line":90,"column":14},"end":{"line":99,"column":1}},"10":{"start":{"line":101,"column":19},"end":{"line":107,"column":1}},"11":{"start":{"line":109,"column":22},"end":{"line":112,"column":1}}},"fnMap":{"0":{"name":"(anonymous_0)","decl":{"start":{"line":11,"column":15},"end":{"line":11,"column":16}},"loc":{"start":{"line":16,"column":6},"end":{"line":55,"column":1}},"line":16},"1":{"name":"(anonymous_1)","decl":{"start":{"line":27,"column":24},"end":{"line":27,"column":25}},"loc":{"start":{"line":27,"column":33},"end":{"line":27,"column":56}},"line":27},"2":{"name":"(anonymous_2)","decl":{"start":{"line":71,"column":6},"end":{"line":71,"column":7}},"loc":{"start":{"line":71,"column":15},"end":{"line":74,"column":5}},"line":71},"3":{"name":"(anonymous_3)","decl":{"start":{"line":76,"column":6},"end":{"line":76,"column":7}},"loc":{"start":{"line":76,"column":15},"end":{"line":78,"column":5}},"line":76}},"branchMap":{"0":{"loc":{"start":{"line":71,"column":15},"end":{"line":74,"column":5}},"type":"binary-expr","locations":[{"start":{"line":71,"column":15},"end":{"line":71,"column":25}},{"start":{"line":71,"column":29},"end":{"line":74,"column":5}}],"line":71},"1":{"loc":{"start":{"line":76,"column":15},"end":{"line":78,"column":5}},"type":"binary-expr","locations":[{"start":{"line":76,"column":15},"end":{"line":76,"column":26}},{"start":{"line":76,"column":30},"end":{"line":78,"column":5}}],"line":76}},"s":{"0":3,"1":1,"2":0,"3":3,"4":3,"5":0,"6":0,"7":3,"8":3,"9":3,"10":3,"11":3},"f":{"0":1,"1":0,"2":0,"3":0},"b":{"0":[0,0],"1":[0,0]},"_coverageSchema":"43e27e138ebf9cfc5966b082cf9a028302ed4184","hash":"bc4c5188dca5e65a48a62ec8a4a74e6f2c727a2b"}
,"D:\\react-mentoring\\Task2-Webpack-\\client\\src\\container\\Header\\Header.js": {"path":"D:\\react-mentoring\\Task2-Webpack-\\client\\src\\container\\Header\\Header.js","statementMap":{"0":{"start":{"line":15,"column":4},"end":{"line":17,"column":7}},"1":{"start":{"line":21,"column":4},"end":{"line":23,"column":7}},"2":{"start":{"line":27,"column":31},"end":{"line":27,"column":41}},"3":{"start":{"line":28,"column":4},"end":{"line":28,"column":23}},"4":{"start":{"line":29,"column":4},"end":{"line":31,"column":33}},"5":{"start":{"line":32,"column":4},"end":{"line":34,"column":7}},"6":{"start":{"line":39,"column":23},"end":{"line":39,"column":44}},"7":{"start":{"line":40,"column":4},"end":{"line":57,"column":5}},"8":{"start":{"line":63,"column":0},"end":{"line":67,"column":2}},"9":{"start":{"line":69,"column":22},"end":{"line":71,"column":1}}},"fnMap":{"0":{"name":"(anonymous_0)","decl":{"start":{"line":14,"column":23},"end":{"line":14,"column":24}},"loc":{"start":{"line":14,"column":30},"end":{"line":18,"column":3}},"line":14},"1":{"name":"(anonymous_1)","decl":{"start":{"line":20,"column":19},"end":{"line":20,"column":20}},"loc":{"start":{"line":20,"column":26},"end":{"line":24,"column":3}},"line":20},"2":{"name":"(anonymous_2)","decl":{"start":{"line":26,"column":22},"end":{"line":26,"column":23}},"loc":{"start":{"line":26,"column":29},"end":{"line":36,"column":3}},"line":26},"3":{"name":"(anonymous_3)","decl":{"start":{"line":38,"column":2},"end":{"line":38,"column":3}},"loc":{"start":{"line":38,"column":11},"end":{"line":58,"column":3}},"line":38}},"branchMap":{"0":{"loc":{"start":{"line":42,"column":9},"end":{"line":54,"column":11}},"type":"cond-expr","locations":[{"start":{"line":44,"column":12},"end":{"line":46,"column":69}},{"start":{"line":49,"column":12},"end":{"line":53,"column":59}}],"line":42}},"s":{"0":0,"1":0,"2":0,"3":0,"4":0,"5":0,"6":2,"7":2,"8":2,"9":2},"f":{"0":0,"1":0,"2":0,"3":2},"b":{"0":[2,0]},"_coverageSchema":"43e27e138ebf9cfc5966b082cf9a028302ed4184","hash":"6815c93cc3bd0612da01c1b794171c7a33024609"}
,"D:\\react-mentoring\\Task2-Webpack-\\client\\src\\container\\Main\\Main.js": {"path":"D:\\react-mentoring\\Task2-Webpack-\\client\\src\\container\\Main\\Main.js","statementMap":{"0":{"start":{"line":15,"column":4},"end":{"line":17,"column":7}},"1":{"start":{"line":21,"column":23},"end":{"line":21,"column":33}},"2":{"start":{"line":22,"column":25},"end":{"line":28,"column":7}},"3":{"start":{"line":24,"column":8},"end":{"line":24,"column":67}},"4":{"start":{"line":27,"column":8},"end":{"line":27,"column":47}},"5":{"start":{"line":29,"column":4},"end":{"line":29,"column":55}},"6":{"start":{"line":33,"column":59},"end":{"line":33,"column":69}},"7":{"start":{"line":34,"column":24},"end":{"line":34,"column":111}},"8":{"start":{"line":35,"column":4},"end":{"line":50,"column":5}},"9":{"start":{"line":56,"column":0},"end":{"line":60,"column":2}},"10":{"start":{"line":62,"column":20},"end":{"line":64,"column":1}}},"fnMap":{"0":{"name":"(anonymous_0)","decl":{"start":{"line":14,"column":17},"end":{"line":14,"column":18}},"loc":{"start":{"line":14,"column":24},"end":{"line":18,"column":3}},"line":14},"1":{"name":"(anonymous_1)","decl":{"start":{"line":20,"column":14},"end":{"line":20,"column":15}},"loc":{"start":{"line":20,"column":20},"end":{"line":30,"column":3}},"line":20},"2":{"name":"(anonymous_2)","decl":{"start":{"line":23,"column":8},"end":{"line":23,"column":9}},"loc":{"start":{"line":23,"column":18},"end":{"line":25,"column":7}},"line":23},"3":{"name":"(anonymous_3)","decl":{"start":{"line":26,"column":8},"end":{"line":26,"column":9}},"loc":{"start":{"line":26,"column":18},"end":{"line":28,"column":7}},"line":26},"4":{"name":"(anonymous_4)","decl":{"start":{"line":32,"column":2},"end":{"line":32,"column":3}},"loc":{"start":{"line":32,"column":11},"end":{"line":51,"column":3}},"line":32}},"branchMap":{"0":{"loc":{"start":{"line":22,"column":25},"end":{"line":28,"column":7}},"type":"cond-expr","locations":[{"start":{"line":23,"column":8},"end":{"line":25,"column":7}},{"start":{"line":26,"column":8},"end":{"line":28,"column":7}}],"line":22},"1":{"loc":{"start":{"line":34,"column":24},"end":{"line":34,"column":111}},"type":"cond-expr","locations":[{"start":{"line":34,"column":35},"end":{"line":34,"column":71}},{"start":{"line":34,"column":74},"end":{"line":34,"column":111}}],"line":34},"2":{"loc":{"start":{"line":41,"column":9},"end":{"line":47,"column":46}},"type":"cond-expr","locations":[{"start":{"line":43,"column":12},"end":{"line":45,"column":53}},{"start":{"line":47,"column":12},"end":{"line":47,"column":46}}],"line":41},"3":{"loc":{"start":{"line":41,"column":9},"end":{"line":41,"column":41}},"type":"binary-expr","locations":[{"start":{"line":41,"column":9},"end":{"line":41,"column":17}},{"start":{"line":41,"column":21},"end":{"line":41,"column":41}}],"line":41}},"s":{"0":0,"1":1,"2":1,"3":0,"4":0,"5":1,"6":2,"7":2,"8":2,"9":1,"10":1},"f":{"0":0,"1":1,"2":0,"3":0,"4":2},"b":{"0":[1,0],"1":[2,0],"2":[1,1],"3":[2,2]},"_coverageSchema":"43e27e138ebf9cfc5966b082cf9a028302ed4184","hash":"8c5875afe5c6427148908d229b17901ebc5a80bf"}
}
