TN:
SF:D:\react-mentoring\Task2-Webpack-\client\assetsTransformer.js
FN:4,(anonymous_0)
FNF:1
FNH:0
FNDA:0,(anonymous_0)
DA:1,4
DA:3,4
DA:5,0
LF:3
LH:2
BRF:0
BRH:0
end_of_record
TN:
SF:D:\react-mentoring\Task2-Webpack-\client\src\common\Components\Button\Button.js
FN:14,(anonymous_0)
FN:19,(anonymous_1)
FNF:2
FNH:0
FNDA:0,(anonymous_0)
FNDA:0,(anonymous_1)
DA:4,5
DA:14,0
DA:19,0
LF:3
LH:1
BRDA:14,0,0,0
BRDA:14,0,1,0
BRDA:19,1,0,0
BRDA:19,1,1,0
BRF:4
BRH:0
end_of_record
TN:
SF:D:\react-mentoring\Task2-Webpack-\client\src\common\Components\HeaderBackground\HeaderBackground.js
FNF:0
FNH:0
DA:6,4
LF:1
LH:1
BRF:0
BRH:0
end_of_record
TN:
SF:D:\react-mentoring\Task2-Webpack-\client\src\common\Components\HeaderWrapper\HeaderWrapper.js
FNF:0
FNH:0
DA:3,5
LF:1
LH:1
BRF:0
BRH:0
end_of_record
TN:
SF:D:\react-mentoring\Task2-Webpack-\client\src\common\Components\Logo\Logo.js
FN:5,(anonymous_0)
FNF:1
FNH:1
FNDA:1,(anonymous_0)
DA:5,5
DA:9,5
LF:2
LH:2
BRF:0
BRH:0
end_of_record
TN:
SF:D:\react-mentoring\Task2-Webpack-\client\src\common\Components\RadioButton\RadioButton.js
FN:5,(anonymous_0)
FN:18,(anonymous_1)
FN:40,(anonymous_2)
FN:47,(anonymous_3)
FN:51,(anonymous_4)
FN:55,(anonymous_5)
FNF:6
FNH:5
FNDA:4,(anonymous_0)
FNDA:0,(anonymous_1)
FNDA:2,(anonymous_2)
FNDA:2,(anonymous_3)
FNDA:2,(anonymous_4)
FNDA:2,(anonymous_5)
DA:5,7
DA:12,4
DA:18,0
DA:30,7
DA:34,7
DA:40,2
DA:47,2
DA:51,2
DA:55,2
LF:9
LH:8
BRDA:40,0,0,2
BRDA:40,0,1,0
BRDA:47,1,0,2
BRDA:47,1,1,0
BRDA:47,1,2,0
BRDA:51,2,0,2
BRDA:51,2,1,2
BRDA:55,3,0,2
BRDA:55,3,1,2
BRDA:55,3,2,1
BRF:10
BRH:7
end_of_record
TN:
SF:D:\react-mentoring\Task2-Webpack-\client\src\common\Theme\Theme.js
FNF:0
FNH:0
DA:1,12
LF:1
LH:1
BRF:0
BRH:0
end_of_record
TN:
SF:D:\react-mentoring\Task2-Webpack-\client\src\components\Cockpit\Cockpit.js
FN:7,(anonymous_0)
FNF:1
FNH:1
FNDA:3,(anonymous_0)
DA:7,3
DA:8,3
DA:39,3
DA:45,3
DA:50,3
LF:5
LH:5
BRF:0
BRH:0
end_of_record
TN:
SF:D:\react-mentoring\Task2-Webpack-\client\src\components\Detail\Detail.js
FN:10,(anonymous_0)
FN:16,(anonymous_1)
FN:57,(anonymous_2)
FN:95,(anonymous_3)
FNF:4
FNH:1
FNDA:1,(anonymous_0)
FNDA:0,(anonymous_1)
FNDA:0,(anonymous_2)
FNDA:0,(anonymous_3)
DA:10,3
DA:11,1
DA:16,0
DA:48,3
DA:53,3
DA:57,0
DA:62,3
DA:69,3
DA:76,3
DA:84,3
DA:90,3
DA:95,0
LF:12
LH:9
BRDA:57,0,0,0
BRDA:57,0,1,0
BRDA:95,1,0,0
BRDA:95,1,1,0
BRF:4
BRH:0
end_of_record
TN:
SF:D:\react-mentoring\Task2-Webpack-\client\src\components\EmptyResults\EmptyResults.js
FN:6,(anonymous_0)
FNF:1
FNH:1
FNDA:1,(anonymous_0)
DA:6,2
DA:7,1
DA:16,2
DA:20,2
DA:26,2
DA:31,2
LF:6
LH:6
BRF:0
BRH:0
end_of_record
TN:
SF:D:\react-mentoring\Task2-Webpack-\client\src\components\Film\Film.js
FN:5,(anonymous_0)
FN:6,(anonymous_1)
FNF:2
FNH:1
FNDA:4,(anonymous_0)
FNDA:0,(anonymous_1)
DA:5,3
DA:6,4
DA:20,3
DA:39,3
DA:59,3
DA:69,3
DA:81,3
DA:92,3
LF:8
LH:8
BRF:0
BRH:0
end_of_record
TN:
SF:D:\react-mentoring\Task2-Webpack-\client\src\components\Films\Films.js
FN:8,(anonymous_0)
FN:11,(anonymous_1)
FNF:2
FNH:2
FNDA:2,(anonymous_0)
FNDA:3,(anonymous_1)
DA:8,2
DA:9,2
DA:11,3
DA:18,2
DA:23,2
DA:30,2
LF:6
LH:6
BRF:0
BRH:0
end_of_record
TN:
SF:D:\react-mentoring\Task2-Webpack-\client\src\components\Search\Search.js
FN:11,(anonymous_0)
FN:27,(anonymous_1)
FN:71,(anonymous_2)
FN:76,(anonymous_3)
FNF:4
FNH:1
FNDA:1,(anonymous_0)
FNDA:0,(anonymous_1)
FNDA:0,(anonymous_2)
FNDA:0,(anonymous_3)
DA:11,3
DA:17,1
DA:27,0
DA:59,3
DA:66,3
DA:71,0
DA:76,0
DA:81,3
DA:85,3
DA:90,3
DA:101,3
DA:109,3
LF:12
LH:9
BRDA:71,0,0,0
BRDA:71,0,1,0
BRDA:76,1,0,0
BRDA:76,1,1,0
BRF:4
BRH:0
end_of_record
TN:
SF:D:\react-mentoring\Task2-Webpack-\client\src\container\Header\Header.js
FN:14,(anonymous_0)
FN:20,(anonymous_1)
FN:26,(anonymous_2)
FN:38,(anonymous_3)
FNF:4
FNH:1
FNDA:0,(anonymous_0)
FNDA:0,(anonymous_1)
FNDA:0,(anonymous_2)
FNDA:2,(anonymous_3)
DA:15,0
DA:21,0
DA:27,0
DA:28,0
DA:29,0
DA:32,0
DA:39,2
DA:40,2
DA:63,2
DA:69,2
LF:10
LH:4
BRDA:42,0,0,2
BRDA:42,0,1,0
BRF:2
BRH:1
end_of_record
TN:
SF:D:\react-mentoring\Task2-Webpack-\client\src\container\Main\Main.js
FN:14,(anonymous_0)
FN:20,(anonymous_1)
FN:23,(anonymous_2)
FN:26,(anonymous_3)
FN:32,(anonymous_4)
FNF:5
FNH:2
FNDA:0,(anonymous_0)
FNDA:1,(anonymous_1)
FNDA:0,(anonymous_2)
FNDA:0,(anonymous_3)
FNDA:2,(anonymous_4)
DA:15,0
DA:21,1
DA:22,1
DA:24,0
DA:27,0
DA:29,1
DA:33,2
DA:34,2
DA:35,2
DA:56,1
DA:62,1
LF:11
LH:8
BRDA:22,0,0,1
BRDA:22,0,1,0
BRDA:34,1,0,2
BRDA:34,1,1,0
BRDA:41,2,0,1
BRDA:41,2,1,1
BRDA:41,3,0,2
BRDA:41,3,1,2
BRF:8
BRH:6
end_of_record
